Build started 2014-04-05 14:43:34.
     1>Project "D:\Ted\GitHub\FaustInvaders\FaustInvaders.vcxproj" on node 2 (Build target(s)).
     1>ClCompile:
         D:\Programs\VisualStudios\VC\bin\CL.exe /c /ZI /nologo /W3 /WX- /sdl /Od /Oy- /D _MBCS /Gm /EHsc /RTC1 /MDd /GS /fp:precise /Zc:wchar_t /Zc:forScope /Fo"Debug\\" /Fd"Debug\vc110.pdb" /Gd /TP /analyze- /errorReport:prompt Source\Base.cpp Source\CollisionManager.cpp Source\CollisionObject.cpp Source\Cover.cpp Source\Enemy.cpp Source\EnemySquad.cpp Source\Events.cpp Source\FileIO.cpp Source\Game.cpp Source\GameOver.cpp Source\Gui.cpp Source\Highscore.cpp Source\ImageLoader.cpp Source\main.cpp Source\MainMenu.cpp Source\Missile.cpp Source\Player.cpp Source\Random.cpp Source\Renderer.cpp Source\RenderObject.cpp Source\ScoreManager.cpp Source\Settings.cpp Source\SoundManager.cpp Source\SpecialEnemy.cpp Source\TextManager.cpp Source\Time.cpp
         Time.cpp
         TextManager.cpp
         SpecialEnemy.cpp
         SoundManager.cpp
         Settings.cpp
         ScoreManager.cpp
         RenderObject.cpp
         Renderer.cpp
     1>d:\ted\github\faustinvaders\source\renderer.cpp(24): warning C4018: '<' : signed/unsigned mismatch
         Random.cpp
         Player.cpp
         Missile.cpp
         MainMenu.cpp
         main.cpp
         ImageLoader.cpp
         Highscore.cpp
     1>d:\ted\github\faustinvaders\source\highscore.cpp(77): warning C4018: '<' : signed/unsigned mismatch
     1>d:\ted\github\faustinvaders\source\highscore.cpp(96): warning C4018: '<' : signed/unsigned mismatch
         Gui.cpp
         GameOver.cpp
         Game.cpp
         FileIO.cpp
         Events.cpp
         Generating Code...
         Compiling...
         EnemySquad.cpp
     1>d:\ted\github\faustinvaders\source\enemysquad.cpp(51): warning C4018: '<' : signed/unsigned mismatch
         Enemy.cpp
     1>d:\ted\github\faustinvaders\source\enemy.cpp(81): warning C4244: '=' : conversion from 'int' to 'float', possible loss of data
         Cover.cpp
         CollisionObject.cpp
         CollisionManager.cpp
         Base.cpp
         Generating Code...
       Link:
         D:\Programs\VisualStudios\VC\bin\link.exe /ERRORREPORT:PROMPT /OUT:"D:\Ted\GitHub\FaustInvaders\Debug\FaustInvaders.exe" /INCREMENTAL /NOLOGO SDL2.lib SDL2main.lib SDL2_image.lib SDL2_mixer.lib SDL2_ttf.lib kernel32.lib user32.lib gdi32.lib winspool.lib comdlg32.lib advapi32.lib shell32.lib ole32.lib oleaut32.lib uuid.lib odbc32.lib odbccp32.lib /MANIFEST /MANIFESTUAC:"level='asInvoker' uiAccess='false'" /manifest:embed /DEBUG /PDB:"D:\Ted\GitHub\FaustInvaders\Debug\FaustInvaders.pdb" /SUBSYSTEM:CONSOLE /TLBID:1 /DYNAMICBASE /NXCOMPAT /IMPLIB:"D:\Ted\GitHub\FaustInvaders\Debug\FaustInvaders.lib" /MACHINE:X86 Debug\Base.obj
         Debug\CollisionManager.obj
         Debug\CollisionObject.obj
         Debug\Cover.obj
         Debug\Enemy.obj
         Debug\EnemySquad.obj
         Debug\Events.obj
         Debug\FileIO.obj
         Debug\Game.obj
         Debug\GameOver.obj
         Debug\Gui.obj
         Debug\Highscore.obj
         Debug\ImageLoader.obj
         Debug\main.obj
         Debug\MainMenu.obj
         Debug\Missile.obj
         Debug\Player.obj
         Debug\Random.obj
         Debug\Renderer.obj
         Debug\RenderObject.obj
         Debug\ScoreManager.obj
         Debug\Settings.obj
         Debug\SoundManager.obj
         Debug\SpecialEnemy.obj
         Debug\TextManager.obj
         Debug\Time.obj
     1>MSVCRTD.lib(cinitexe.obj) : warning LNK4098: defaultlib 'msvcrt.lib' conflicts with use of other libs; use /NODEFAULTLIB:library
         FaustInvaders.vcxproj -> D:\Ted\GitHub\FaustInvaders\Debug\FaustInvaders.exe
     1>Done Building Project "D:\Ted\GitHub\FaustInvaders\FaustInvaders.vcxproj" (Build target(s)).

Build succeeded.

Time Elapsed 00:00:13.05
