D:\TED\GITHUB\SPOINKINVADERS\DEBUG\BASE.OBJ
D:\TED\GITHUB\SPOINKINVADERS\DEBUG\EVENTS.OBJ
D:\TED\GITHUB\SPOINKINVADERS\DEBUG\FILEIO.OBJ
D:\TED\GITHUB\SPOINKINVADERS\DEBUG\GAME.OBJ
D:\TED\GITHUB\SPOINKINVADERS\DEBUG\GAMEOVER.OBJ
D:\TED\GITHUB\SPOINKINVADERS\DEBUG\GUI.OBJ
D:\TED\GITHUB\SPOINKINVADERS\DEBUG\HIGHSCORE.OBJ
D:\TED\GITHUB\SPOINKINVADERS\DEBUG\IMAGELOADER.OBJ
D:\TED\GITHUB\SPOINKINVADERS\DEBUG\MAIN.OBJ
D:\TED\GITHUB\SPOINKINVADERS\DEBUG\MAINMENU.OBJ
D:\TED\GITHUB\SPOINKINVADERS\DEBUG\RANDOM.OBJ
D:\TED\GITHUB\SPOINKINVADERS\DEBUG\REFCOUNT.OBJ
D:\TED\GITHUB\SPOINKINVADERS\DEBUG\RENDERER.OBJ
D:\TED\GITHUB\SPOINKINVADERS\DEBUG\RENDEROBJECT.OBJ
D:\TED\GITHUB\SPOINKINVADERS\DEBUG\SCOREMANAGER.OBJ
D:\TED\GITHUB\SPOINKINVADERS\DEBUG\SETTINGS.OBJ
D:\TED\GITHUB\SPOINKINVADERS\DEBUG\SOUNDMANAGER.OBJ
D:\TED\GITHUB\SPOINKINVADERS\DEBUG\TEXTMANAGER.OBJ
D:\TED\GITHUB\SPOINKINVADERS\DEBUG\TIME.OBJ
D:\TED\GITHUB\SPOINKINVADERS\DEBUG\VC110.PDB
D:\TED\GITHUB\SPOINKINVADERS\DEBUG\SPOINKINVADERS.ILK
D:\TED\GITHUB\SPOINKINVADERS\DEBUG\SPOINKINVADERS.EXE
D:\TED\GITHUB\SPOINKINVADERS\DEBUG\SPOINKINVADERS.PDB
D:\Ted\GitHub\SpoinkInvaders\Debug\Events.obj
D:\Ted\GitHub\SpoinkInvaders\Debug\FileIO.obj
D:\Ted\GitHub\SpoinkInvaders\Debug\Game.obj
D:\Ted\GitHub\SpoinkInvaders\Debug\GameOver.obj
D:\Ted\GitHub\SpoinkInvaders\Debug\Gui.obj
D:\Ted\GitHub\SpoinkInvaders\Debug\Highscore.obj
D:\Ted\GitHub\SpoinkInvaders\Debug\ImageLoader.obj
D:\Ted\GitHub\SpoinkInvaders\Debug\MainMenu.obj
D:\Ted\GitHub\SpoinkInvaders\Debug\Random.obj
D:\Ted\GitHub\SpoinkInvaders\Debug\RefCount.obj
D:\Ted\GitHub\SpoinkInvaders\Debug\Renderer.obj
D:\Ted\GitHub\SpoinkInvaders\Debug\RenderObject.obj
D:\Ted\GitHub\SpoinkInvaders\Debug\ScoreManager.obj
D:\Ted\GitHub\SpoinkInvaders\Debug\Settings.obj
D:\Ted\GitHub\SpoinkInvaders\Debug\SoundManager.obj
D:\Ted\GitHub\SpoinkInvaders\Debug\TextManager.obj
D:\Ted\GitHub\SpoinkInvaders\Debug\Time.obj
D:\Ted\GitHub\SpoinkInvaders\Debug\SpoinkInvaders.ilk
D:\Ted\GitHub\SpoinkInvaders\Debug\cl.command.1.tlog
D:\Ted\GitHub\SpoinkInvaders\Debug\CL.read.1.tlog
D:\Ted\GitHub\SpoinkInvaders\Debug\CL.write.1.tlog
D:\Ted\GitHub\SpoinkInvaders\Debug\link-cvtres.read.1.tlog
D:\Ted\GitHub\SpoinkInvaders\Debug\link-cvtres.write.1.tlog
D:\Ted\GitHub\SpoinkInvaders\Debug\link-rc.read.1.tlog
D:\Ted\GitHub\SpoinkInvaders\Debug\link-rc.write.1.tlog
D:\Ted\GitHub\SpoinkInvaders\Debug\link.command.1.tlog
D:\Ted\GitHub\SpoinkInvaders\Debug\link.read.1.tlog
D:\Ted\GitHub\SpoinkInvaders\Debug\link.write.1.tlog
D:\Ted\GitHub\SpoinkInvaders\Debug\vc110.idb
D:\Ted\GitHub\SpoinkInvaders\Debug\SpoinkInvaders.pdb
D:\Ted\GitHub\SpoinkInvaders\Debug\vc110.pdb
D:\Ted\GitHub\SpoinkInvaders\Debug\SpoinkInvaders.exe
