D:\TED\GITHUB\SPACEINVADERS\SOURCE\DEBUG\BASE.OBJ
D:\TED\GITHUB\SPACEINVADERS\SOURCE\DEBUG\MAIN.OBJ
D:\TED\GITHUB\SPACEINVADERS\SOURCE\DEBUG\RENDERER.OBJ
D:\TED\GITHUB\SPACEINVADERS\SOURCE\DEBUG\VC110.PDB
D:\TED\GITHUB\SPACEINVADERS\SOURCE\DEBUG\EVENTS.OBJ
D:\TED\GITHUB\SPACEINVADERS\SOURCE\DEBUG\BASESTATE.OBJ
D:\TED\GITHUB\SPACEINVADERS\SOURCE\DEBUG\MAINMENU.OBJ
D:\TED\GITHUB\SPACEINVADERS\SOURCE\DEBUG\TEXTMANAGER.OBJ
D:\TED\GITHUB\SPACEINVADERS\SOURCE\DEBUG\RENDEROBJECT.OBJ
D:\TED\GITHUB\SPACEINVADERS\SOURCE\DEBUG\GUI.OBJ
D:\TED\GITHUB\SPACEINVADERS\SOURCE\DEBUG\IMAGELOADER.OBJ
D:\TED\GITHUB\SPACEINVADERS\SOURCE\DEBUG\SPACEINVADERS.ILK
D:\TED\GITHUB\SPACEINVADERS\SOURCE\DEBUG\SPACEINVADERS.EXE
D:\TED\GITHUB\SPACEINVADERS\SOURCE\DEBUG\SPACEINVADERS.PDB
D:\Ted\GitHub\SpaceInvaders\Source\Debug\Base.obj
D:\Ted\GitHub\SpaceInvaders\Source\Debug\BaseState.obj
D:\Ted\GitHub\SpaceInvaders\Source\Debug\Events.obj
D:\Ted\GitHub\SpaceInvaders\Source\Debug\Gui.obj
D:\Ted\GitHub\SpaceInvaders\Source\Debug\ImageLoader.obj
D:\Ted\GitHub\SpaceInvaders\Source\Debug\main.obj
D:\Ted\GitHub\SpaceInvaders\Source\Debug\MainMenu.obj
D:\Ted\GitHub\SpaceInvaders\Source\Debug\Renderer.obj
D:\Ted\GitHub\SpaceInvaders\Source\Debug\RenderObject.obj
D:\Ted\GitHub\SpaceInvaders\Source\Debug\TextManager.obj
D:\Ted\GitHub\SpaceInvaders\Source\Debug\cl.command.1.tlog
D:\Ted\GitHub\SpaceInvaders\Source\Debug\CL.read.1.tlog
D:\Ted\GitHub\SpaceInvaders\Source\Debug\CL.write.1.tlog
D:\Ted\GitHub\SpaceInvaders\Source\Debug\link-cvtres.read.1.tlog
D:\Ted\GitHub\SpaceInvaders\Source\Debug\link-cvtres.write.1.tlog
D:\Ted\GitHub\SpaceInvaders\Source\Debug\link-rc.read.1.tlog
D:\Ted\GitHub\SpaceInvaders\Source\Debug\link-rc.write.1.tlog
D:\Ted\GitHub\SpaceInvaders\Source\Debug\link.10000-cvtres.read.1.tlog
D:\Ted\GitHub\SpaceInvaders\Source\Debug\link.10000-cvtres.write.1.tlog
D:\Ted\GitHub\SpaceInvaders\Source\Debug\link.10000-rc.read.1.tlog
D:\Ted\GitHub\SpaceInvaders\Source\Debug\link.10000-rc.write.1.tlog
D:\Ted\GitHub\SpaceInvaders\Source\Debug\link.10000.read.1.tlog
D:\Ted\GitHub\SpaceInvaders\Source\Debug\link.10000.write.1.tlog
D:\Ted\GitHub\SpaceInvaders\Source\Debug\link.10392-cvtres.read.1.tlog
D:\Ted\GitHub\SpaceInvaders\Source\Debug\link.10392-cvtres.write.1.tlog
D:\Ted\GitHub\SpaceInvaders\Source\Debug\link.10392-rc.read.1.tlog
D:\Ted\GitHub\SpaceInvaders\Source\Debug\link.10392-rc.write.1.tlog
D:\Ted\GitHub\SpaceInvaders\Source\Debug\link.10392.read.1.tlog
D:\Ted\GitHub\SpaceInvaders\Source\Debug\link.10392.write.1.tlog
D:\Ted\GitHub\SpaceInvaders\Source\Debug\link.11248-cvtres.read.1.tlog
D:\Ted\GitHub\SpaceInvaders\Source\Debug\link.11248-cvtres.write.1.tlog
D:\Ted\GitHub\SpaceInvaders\Source\Debug\link.11248-rc.read.1.tlog
D:\Ted\GitHub\SpaceInvaders\Source\Debug\link.11248-rc.write.1.tlog
D:\Ted\GitHub\SpaceInvaders\Source\Debug\link.11248.read.1.tlog
D:\Ted\GitHub\SpaceInvaders\Source\Debug\link.11248.write.1.tlog
D:\Ted\GitHub\SpaceInvaders\Source\Debug\link.204-cvtres.read.1.tlog
D:\Ted\GitHub\SpaceInvaders\Source\Debug\link.204-cvtres.write.1.tlog
D:\Ted\GitHub\SpaceInvaders\Source\Debug\link.204-rc.read.1.tlog
D:\Ted\GitHub\SpaceInvaders\Source\Debug\link.204-rc.write.1.tlog
D:\Ted\GitHub\SpaceInvaders\Source\Debug\link.204.read.1.tlog
D:\Ted\GitHub\SpaceInvaders\Source\Debug\link.204.write.1.tlog
D:\Ted\GitHub\SpaceInvaders\Source\Debug\link.3692-cvtres.read.1.tlog
D:\Ted\GitHub\SpaceInvaders\Source\Debug\link.3692-cvtres.write.1.tlog
D:\Ted\GitHub\SpaceInvaders\Source\Debug\link.3692-rc.read.1.tlog
D:\Ted\GitHub\SpaceInvaders\Source\Debug\link.3692-rc.write.1.tlog
D:\Ted\GitHub\SpaceInvaders\Source\Debug\link.3692.read.1.tlog
D:\Ted\GitHub\SpaceInvaders\Source\Debug\link.3692.write.1.tlog
D:\Ted\GitHub\SpaceInvaders\Source\Debug\link.5504-cvtres.read.1.tlog
D:\Ted\GitHub\SpaceInvaders\Source\Debug\link.5504-cvtres.write.1.tlog
D:\Ted\GitHub\SpaceInvaders\Source\Debug\link.5504-rc.read.1.tlog
D:\Ted\GitHub\SpaceInvaders\Source\Debug\link.5504-rc.write.1.tlog
D:\Ted\GitHub\SpaceInvaders\Source\Debug\link.5504.read.1.tlog
D:\Ted\GitHub\SpaceInvaders\Source\Debug\link.5504.write.1.tlog
D:\Ted\GitHub\SpaceInvaders\Source\Debug\link.6180-cvtres.read.1.tlog
D:\Ted\GitHub\SpaceInvaders\Source\Debug\link.6180-cvtres.write.1.tlog
D:\Ted\GitHub\SpaceInvaders\Source\Debug\link.6180-rc.read.1.tlog
D:\Ted\GitHub\SpaceInvaders\Source\Debug\link.6180-rc.write.1.tlog
D:\Ted\GitHub\SpaceInvaders\Source\Debug\link.6180.read.1.tlog
D:\Ted\GitHub\SpaceInvaders\Source\Debug\link.6180.write.1.tlog
D:\Ted\GitHub\SpaceInvaders\Source\Debug\link.6420-cvtres.read.1.tlog
D:\Ted\GitHub\SpaceInvaders\Source\Debug\link.6420-cvtres.write.1.tlog
D:\Ted\GitHub\SpaceInvaders\Source\Debug\link.6420-rc.read.1.tlog
D:\Ted\GitHub\SpaceInvaders\Source\Debug\link.6420-rc.write.1.tlog
D:\Ted\GitHub\SpaceInvaders\Source\Debug\link.6420.read.1.tlog
D:\Ted\GitHub\SpaceInvaders\Source\Debug\link.6420.write.1.tlog
D:\Ted\GitHub\SpaceInvaders\Source\Debug\link.6660-cvtres.read.1.tlog
D:\Ted\GitHub\SpaceInvaders\Source\Debug\link.6660-cvtres.write.1.tlog
D:\Ted\GitHub\SpaceInvaders\Source\Debug\link.6660-rc.read.1.tlog
D:\Ted\GitHub\SpaceInvaders\Source\Debug\link.6660-rc.write.1.tlog
D:\Ted\GitHub\SpaceInvaders\Source\Debug\link.6660.read.1.tlog
D:\Ted\GitHub\SpaceInvaders\Source\Debug\link.6660.write.1.tlog
D:\Ted\GitHub\SpaceInvaders\Source\Debug\link.6868-cvtres.read.1.tlog
D:\Ted\GitHub\SpaceInvaders\Source\Debug\link.6868-cvtres.write.1.tlog
D:\Ted\GitHub\SpaceInvaders\Source\Debug\link.6868-rc.read.1.tlog
D:\Ted\GitHub\SpaceInvaders\Source\Debug\link.6868-rc.write.1.tlog
D:\Ted\GitHub\SpaceInvaders\Source\Debug\link.6868.read.1.tlog
D:\Ted\GitHub\SpaceInvaders\Source\Debug\link.6868.write.1.tlog
D:\Ted\GitHub\SpaceInvaders\Source\Debug\link.7552-cvtres.read.1.tlog
D:\Ted\GitHub\SpaceInvaders\Source\Debug\link.7552-cvtres.write.1.tlog
D:\Ted\GitHub\SpaceInvaders\Source\Debug\link.7552-rc.read.1.tlog
D:\Ted\GitHub\SpaceInvaders\Source\Debug\link.7552-rc.write.1.tlog
D:\Ted\GitHub\SpaceInvaders\Source\Debug\link.7552.read.1.tlog
D:\Ted\GitHub\SpaceInvaders\Source\Debug\link.7552.write.1.tlog
D:\Ted\GitHub\SpaceInvaders\Source\Debug\link.7684-cvtres.read.1.tlog
D:\Ted\GitHub\SpaceInvaders\Source\Debug\link.7684-cvtres.write.1.tlog
D:\Ted\GitHub\SpaceInvaders\Source\Debug\link.7684-rc.read.1.tlog
D:\Ted\GitHub\SpaceInvaders\Source\Debug\link.7684-rc.write.1.tlog
D:\Ted\GitHub\SpaceInvaders\Source\Debug\link.7684.read.1.tlog
D:\Ted\GitHub\SpaceInvaders\Source\Debug\link.7684.write.1.tlog
D:\Ted\GitHub\SpaceInvaders\Source\Debug\link.8780-cvtres.read.1.tlog
D:\Ted\GitHub\SpaceInvaders\Source\Debug\link.8780-cvtres.write.1.tlog
D:\Ted\GitHub\SpaceInvaders\Source\Debug\link.8780-rc.read.1.tlog
D:\Ted\GitHub\SpaceInvaders\Source\Debug\link.8780-rc.write.1.tlog
D:\Ted\GitHub\SpaceInvaders\Source\Debug\link.8780.read.1.tlog
D:\Ted\GitHub\SpaceInvaders\Source\Debug\link.8780.write.1.tlog
D:\Ted\GitHub\SpaceInvaders\Source\Debug\link.9880-cvtres.read.1.tlog
D:\Ted\GitHub\SpaceInvaders\Source\Debug\link.9880-cvtres.write.1.tlog
D:\Ted\GitHub\SpaceInvaders\Source\Debug\link.9880-rc.read.1.tlog
D:\Ted\GitHub\SpaceInvaders\Source\Debug\link.9880-rc.write.1.tlog
D:\Ted\GitHub\SpaceInvaders\Source\Debug\link.9880.read.1.tlog
D:\Ted\GitHub\SpaceInvaders\Source\Debug\link.9880.write.1.tlog
D:\Ted\GitHub\SpaceInvaders\Source\Debug\link.command.1.tlog
D:\Ted\GitHub\SpaceInvaders\Source\Debug\link.read.1.tlog
D:\Ted\GitHub\SpaceInvaders\Source\Debug\link.write.1.tlog
D:\Ted\GitHub\SpaceInvaders\Source\Debug\vc110.idb
D:\Ted\GitHub\SpaceInvaders\Source\Debug\SpaceInvaders.pdb
D:\Ted\GitHub\SpaceInvaders\Source\Debug\vc110.pdb
